Arguments: 
  C:\Program Files\nodejs\node.exe C:\Users\gordo\AppData\Roaming\npm\node_modules\yarn\bin\yarn.js add axios moment react-file-base-64 redux redux-thunk

PATH: 
  C:\Python310\Scripts\;C:\Python310\;C:\Windows\system32;C:\Windows;C:\Windows\System32\Wbem;C:\Windows\System32\WindowsPowerShell\v1.0\;C:\Windows\System32\OpenSSH\;C:\Program Files\nodejs\;C:\ProgramData\chocolatey\bin;C:\Program Files\Git\cmd;C:\Users\gordo\AppData\Local\Microsoft\WindowsApps;;C:\Users\gordo\AppData\Local\Programs\Microsoft VS Code\bin;C:\Users\gordo\AppData\Roaming\npm

Yarn version: 
  1.22.19

Node version: 
  18.0.0

Platform: 
  win32 x64

Trace: 
  Error: https://registry.yarnpkg.com/react-file-base-64: Not found
      at params.callback [as _callback] (C:\Users\gordo\AppData\Roaming\npm\node_modules\yarn\lib\cli.js:66145:18)
      at self.callback (C:\Users\gordo\AppData\Roaming\npm\node_modules\yarn\lib\cli.js:140890:22)
      at Request.emit (node:events:527:28)
      at Request.<anonymous> (C:\Users\gordo\AppData\Roaming\npm\node_modules\yarn\lib\cli.js:141862:10)
      at Request.emit (node:events:527:28)
      at IncomingMessage.<anonymous> (C:\Users\gordo\AppData\Roaming\npm\node_modules\yarn\lib\cli.js:141784:12)
      at Object.onceWrapper (node:events:641:28)
      at IncomingMessage.emit (node:events:539:35)
      at endReadableNT (node:internal/streams/readable:1344:12)
      at process.processTicksAndRejections (node:internal/process/task_queues:82:21)

npm manifest: 
  {
    "dependencies": {
      "api": "^4.5.1",
      "react-redux": "^8.0.2",
      "yarn": "^1.22.19"
    }
  }

yarn manifest: 
  No manifest

Lockfile: 
  No lockfile
